c:\users\bichlmec\documents\hochschule kempten\vo künstliche intelligenz in der spieleentwicklung\codes\ki-games\vektoria\apphallowelt\vektoriaapp\x64\debug\vc141.pdb
c:\users\bichlmec\documents\hochschule kempten\vo künstliche intelligenz in der spieleentwicklung\codes\ki-games\vektoria\apphallowelt\vektoriaapp\x64\debug\vc141.idb
c:\users\bichlmec\documents\hochschule kempten\vo künstliche intelligenz in der spieleentwicklung\codes\ki-games\vektoria\apphallowelt\vektoriaapp\x64\debug\vektoriaapp.obj
c:\users\bichlmec\documents\hochschule kempten\vo künstliche intelligenz in der spieleentwicklung\codes\ki-games\vektoria\apphallowelt\vektoriaapp\x64\debug\game.obj
c:\users\bichlmec\documents\hochschule kempten\vo künstliche intelligenz in der spieleentwicklung\codes\ki-games\vektoria\apphallowelt\vektoriaapp\x64\debug\steuerung.obj
c:\users\bichlmec\documents\hochschule kempten\vo künstliche intelligenz in der spieleentwicklung\codes\ki-games\vektoria\apphallowelt\vektoriaapp\x64\debug\steeringbehaviour.obj
c:\users\bichlmec\documents\hochschule kempten\vo künstliche intelligenz in der spieleentwicklung\codes\ki-games\vektoria\apphallowelt\vektoriaapp\x64\debug\spielfeld.obj
c:\users\bichlmec\documents\hochschule kempten\vo künstliche intelligenz in der spieleentwicklung\codes\ki-games\vektoria\apphallowelt\vektoriaapp\x64\debug\kinematik.obj
c:\users\bichlmec\documents\hochschule kempten\vo künstliche intelligenz in der spieleentwicklung\codes\ki-games\vektoria\apphallowelt\vektoriaapp\x64\debug\boid.obj
c:\users\bichlmec\documents\hochschule kempten\vo künstliche intelligenz in der spieleentwicklung\codes\ki-games\vektoria\apphallowelt\x64\debug\vektoriaapp.exe
c:\users\bichlmec\documents\hochschule kempten\vo künstliche intelligenz in der spieleentwicklung\codes\ki-games\vektoria\apphallowelt\x64\debug\vektoriaapp.ilk
c:\users\bichlmec\documents\hochschule kempten\vo künstliche intelligenz in der spieleentwicklung\codes\ki-games\vektoria\apphallowelt\x64\debug\vektoriaapp.pdb
c:\users\bichlmec\documents\hochschule kempten\vo künstliche intelligenz in der spieleentwicklung\codes\ki-games\vektoria\apphallowelt\vektoriaapp\x64\debug\vektoriaapp.res
c:\users\bichlmec\documents\hochschule kempten\vo künstliche intelligenz in der spieleentwicklung\codes\ki-games\vektoria\apphallowelt\vektoriaapp\x64\debug\vektoriaapp.tlog\cl.command.1.tlog
c:\users\bichlmec\documents\hochschule kempten\vo künstliche intelligenz in der spieleentwicklung\codes\ki-games\vektoria\apphallowelt\vektoriaapp\x64\debug\vektoriaapp.tlog\cl.read.1.tlog
c:\users\bichlmec\documents\hochschule kempten\vo künstliche intelligenz in der spieleentwicklung\codes\ki-games\vektoria\apphallowelt\vektoriaapp\x64\debug\vektoriaapp.tlog\cl.write.1.tlog
c:\users\bichlmec\documents\hochschule kempten\vo künstliche intelligenz in der spieleentwicklung\codes\ki-games\vektoria\apphallowelt\vektoriaapp\x64\debug\vektoriaapp.tlog\link.command.1.tlog
c:\users\bichlmec\documents\hochschule kempten\vo künstliche intelligenz in der spieleentwicklung\codes\ki-games\vektoria\apphallowelt\vektoriaapp\x64\debug\vektoriaapp.tlog\link.read.1.tlog
c:\users\bichlmec\documents\hochschule kempten\vo künstliche intelligenz in der spieleentwicklung\codes\ki-games\vektoria\apphallowelt\vektoriaapp\x64\debug\vektoriaapp.tlog\link.write.1.tlog
c:\users\bichlmec\documents\hochschule kempten\vo künstliche intelligenz in der spieleentwicklung\codes\ki-games\vektoria\apphallowelt\vektoriaapp\x64\debug\vektoriaapp.tlog\rc.command.1.tlog
c:\users\bichlmec\documents\hochschule kempten\vo künstliche intelligenz in der spieleentwicklung\codes\ki-games\vektoria\apphallowelt\vektoriaapp\x64\debug\vektoriaapp.tlog\rc.read.1.tlog
c:\users\bichlmec\documents\hochschule kempten\vo künstliche intelligenz in der spieleentwicklung\codes\ki-games\vektoria\apphallowelt\vektoriaapp\x64\debug\vektoriaapp.tlog\rc.write.1.tlog
