C:\Program Files (x86)\Microsoft Visual Studio\2017\Enterprise\Common7\IDE\VC\VCTargets\Microsoft.CppBuild.targets(391,5): warning MSB8028: Das Zwischenverzeichnis (Debug\) enthält freigegebene Dateien aus einem anderen Projekt (SteeringBehaviousTemplate.vcxproj). Dies kann zu einem falschen Bereinigungs- und Neuerstellungsverhalten führen.
  Boid.cpp
c:\program files (x86)\windows kits\10\include\10.0.10240.0\ucrt\math.h(1001): warning C4005: "M_PI": Makro-Neudefinition
  c:\users\bichlmec\documents\hochschule kempten\vo künstliche intelligenz in der spieleentwicklung\codes\ki-games\vektoria\steeringbehavioustemplate\vektoriaapp\stdafx.h(13): note: Siehe vorherige Definition von "M_PI"
  c:\program files (x86)\microsoft directx sdk (june 2010)\include\dinput.h: DIRECTINPUT_VERSION undefined. Defaulting to version 0x0800
c:\users\bichlmec\documents\hochschule kempten\vo künstliche intelligenz in der spieleentwicklung\codes\ki-games\vektoria\steeringbehavioustemplate\vektoriaapp\boid.cpp(43): warning C4244: "=": Konvertierung von "double" in "float", möglicher Datenverlust
c:\users\bichlmec\documents\hochschule kempten\vo künstliche intelligenz in der spieleentwicklung\codes\ki-games\vektoria\steeringbehavioustemplate\vektoriaapp\boid.cpp(76): warning C4244: "=": Konvertierung von "double" in "float", möglicher Datenverlust
c:\users\bichlmec\documents\hochschule kempten\vo künstliche intelligenz in der spieleentwicklung\codes\ki-games\vektoria\steeringbehavioustemplate\vektoriaapp\boid.cpp(100): warning C4305: "Argument": Verkürzung von "double" in "float"
c:\users\bichlmec\documents\hochschule kempten\vo künstliche intelligenz in der spieleentwicklung\codes\ki-games\vektoria\steeringbehavioustemplate\vektoriaapp\boid.cpp(103): warning C4305: "Argument": Verkürzung von "double" in "float"
c:\users\bichlmec\documents\hochschule kempten\vo künstliche intelligenz in der spieleentwicklung\codes\ki-games\vektoria\steeringbehavioustemplate\vektoriaapp\boid.cpp(106): warning C4305: "Argument": Verkürzung von "double" in "float"
c:\users\bichlmec\documents\hochschule kempten\vo künstliche intelligenz in der spieleentwicklung\codes\ki-games\vektoria\steeringbehavioustemplate\vektoriaapp\boid.cpp(109): warning C4305: "Argument": Verkürzung von "double" in "float"
  Game.cpp
c:\program files (x86)\windows kits\10\include\10.0.10240.0\ucrt\math.h(1001): warning C4005: "M_PI": Makro-Neudefinition
  c:\users\bichlmec\documents\hochschule kempten\vo künstliche intelligenz in der spieleentwicklung\codes\ki-games\vektoria\steeringbehavioustemplate\vektoriaapp\stdafx.h(13): note: Siehe vorherige Definition von "M_PI"
  c:\program files (x86)\microsoft directx sdk (june 2010)\include\dinput.h: DIRECTINPUT_VERSION undefined. Defaulting to version 0x0800
c:\users\bichlmec\documents\hochschule kempten\vo künstliche intelligenz in der spieleentwicklung\codes\ki-games\vektoria\steeringbehavioustemplate\vektoriaapp\game.cpp(31): warning C4305: "Argument": Verkürzung von "double" in "float"
c:\users\bichlmec\documents\hochschule kempten\vo künstliche intelligenz in der spieleentwicklung\codes\ki-games\vektoria\steeringbehavioustemplate\vektoriaapp\game.cpp(39): warning C4018: "<": Konflikt zwischen "signed" und "unsigned"
c:\users\bichlmec\documents\hochschule kempten\vo künstliche intelligenz in der spieleentwicklung\codes\ki-games\vektoria\steeringbehavioustemplate\vektoriaapp\game.cpp(42): warning C4305: "=": Verkürzung von "double" in "float"
c:\users\bichlmec\documents\hochschule kempten\vo künstliche intelligenz in der spieleentwicklung\codes\ki-games\vektoria\steeringbehavioustemplate\vektoriaapp\game.cpp(48): warning C4018: "<": Konflikt zwischen "signed" und "unsigned"
c:\users\bichlmec\documents\hochschule kempten\vo künstliche intelligenz in der spieleentwicklung\codes\ki-games\vektoria\steeringbehavioustemplate\vektoriaapp\game.cpp(51): warning C4305: "=": Verkürzung von "double" in "float"
  Kinematik.cpp
  c:\program files (x86)\microsoft directx sdk (june 2010)\include\dinput.h: DIRECTINPUT_VERSION undefined. Defaulting to version 0x0800
  Spielfeld.cpp
c:\program files (x86)\windows kits\10\include\10.0.10240.0\ucrt\math.h(1001): warning C4005: "M_PI": Makro-Neudefinition
  c:\users\bichlmec\documents\hochschule kempten\vo künstliche intelligenz in der spieleentwicklung\codes\ki-games\vektoria\steeringbehavioustemplate\vektoriaapp\stdafx.h(13): note: Siehe vorherige Definition von "M_PI"
  c:\program files (x86)\microsoft directx sdk (june 2010)\include\dinput.h: DIRECTINPUT_VERSION undefined. Defaulting to version 0x0800
c:\users\bichlmec\documents\hochschule kempten\vo künstliche intelligenz in der spieleentwicklung\codes\ki-games\vektoria\steeringbehavioustemplate\vektoriaapp\spielfeld.cpp(17): warning C4305: "Argument": Verkürzung von "double" in "float"
  SteeringBehaviour.cpp
c:\program files (x86)\windows kits\10\include\10.0.10240.0\ucrt\math.h(1001): warning C4005: "M_PI": Makro-Neudefinition
  c:\users\bichlmec\documents\hochschule kempten\vo künstliche intelligenz in der spieleentwicklung\codes\ki-games\vektoria\steeringbehavioustemplate\vektoriaapp\stdafx.h(13): note: Siehe vorherige Definition von "M_PI"
  c:\program files (x86)\microsoft directx sdk (june 2010)\include\dinput.h: DIRECTINPUT_VERSION undefined. Defaulting to version 0x0800
  Steuerung.cpp
  c:\program files (x86)\microsoft directx sdk (june 2010)\include\dinput.h: DIRECTINPUT_VERSION undefined. Defaulting to version 0x0800
  VektoriaApp.cpp
  c:\program files (x86)\microsoft directx sdk (june 2010)\include\dinput.h: DIRECTINPUT_VERSION undefined. Defaulting to version 0x0800
  Code wird generiert...
Vektoria_Debug.lib(DeviceCursor.obj) : warning LNK4099: PDB "Vektoria.pdb" wurde nicht mit "Vektoria_Debug.lib(DeviceCursor.obj)" oder an "C:\Users\bichlmec\Documents\Hochschule Kempten\VO K³nstliche Intelligenz in der Spieleentwicklung\Codes\KI-Games\Debug\Vektoria.pdb" gefunden; Objekt wird verkn³pft, als ob keine Debuginformationen vorhanden wõren.
Vektoria_Debug.lib(DeviceHMD.obj) : warning LNK4099: PDB "Vektoria.pdb" wurde nicht mit "Vektoria_Debug.lib(DeviceHMD.obj)" oder an "C:\Users\bichlmec\Documents\Hochschule Kempten\VO K³nstliche Intelligenz in der Spieleentwicklung\Codes\KI-Games\Debug\Vektoria.pdb" gefunden; Objekt wird verkn³pft, als ob keine Debuginformationen vorhanden wõren.
Vektoria_Debug.lib(DeviceKeyboard.obj) : warning LNK4099: PDB "Vektoria.pdb" wurde nicht mit "Vektoria_Debug.lib(DeviceKeyboard.obj)" oder an "C:\Users\bichlmec\Documents\Hochschule Kempten\VO K³nstliche Intelligenz in der Spieleentwicklung\Codes\KI-Games\Debug\Vektoria.pdb" gefunden; Objekt wird verkn³pft, als ob keine Debuginformationen vorhanden wõren.
Vektoria_Debug.lib(DeviceVRController.obj) : warning LNK4099: PDB "Vektoria.pdb" wurde nicht mit "Vektoria_Debug.lib(DeviceVRController.obj)" oder an "C:\Users\bichlmec\Documents\Hochschule Kempten\VO K³nstliche Intelligenz in der Spieleentwicklung\Codes\KI-Games\Debug\Vektoria.pdb" gefunden; Objekt wird verkn³pft, als ob keine Debuginformationen vorhanden wõren.
Vektoria_Debug.lib(DeviceVRControllers.obj) : warning LNK4099: PDB "Vektoria.pdb" wurde nicht mit "Vektoria_Debug.lib(DeviceVRControllers.obj)" oder an "C:\Users\bichlmec\Documents\Hochschule Kempten\VO K³nstliche Intelligenz in der Spieleentwicklung\Codes\KI-Games\Debug\Vektoria.pdb" gefunden; Objekt wird verkn³pft, als ob keine Debuginformationen vorhanden wõren.
Vektoria_Debug.lib(EmitterParticles.obj) : warning LNK4099: PDB "Vektoria.pdb" wurde nicht mit "Vektoria_Debug.lib(EmitterParticles.obj)" oder an "C:\Users\bichlmec\Documents\Hochschule Kempten\VO K³nstliche Intelligenz in der Spieleentwicklung\Codes\KI-Games\Debug\Vektoria.pdb" gefunden; Objekt wird verkn³pft, als ob keine Debuginformationen vorhanden wõren.
Vektoria_Debug.lib(FileVektoria.obj) : warning LNK4099: PDB "Vektoria.pdb" wurde nicht mit "Vektoria_Debug.lib(FileVektoria.obj)" oder an "C:\Users\bichlmec\Documents\Hochschule Kempten\VO K³nstliche Intelligenz in der Spieleentwicklung\Codes\KI-Games\Debug\Vektoria.pdb" gefunden; Objekt wird verkn³pft, als ob keine Debuginformationen vorhanden wõren.
Vektoria_Debug.lib(GeoDome.obj) : warning LNK4099: PDB "Vektoria.pdb" wurde nicht mit "Vektoria_Debug.lib(GeoDome.obj)" oder an "C:\Users\bichlmec\Documents\Hochschule Kempten\VO K³nstliche Intelligenz in der Spieleentwicklung\Codes\KI-Games\Debug\Vektoria.pdb" gefunden; Objekt wird verkn³pft, als ob keine Debuginformationen vorhanden wõren.
Vektoria_Debug.lib(GeoLineList.obj) : warning LNK4099: PDB "Vektoria.pdb" wurde nicht mit "Vektoria_Debug.lib(GeoLineList.obj)" oder an "C:\Users\bichlmec\Documents\Hochschule Kempten\VO K³nstliche Intelligenz in der Spieleentwicklung\Codes\KI-Games\Debug\Vektoria.pdb" gefunden; Objekt wird verkn³pft, als ob keine Debuginformationen vorhanden wõren.
Vektoria_Debug.lib(GeoPointList.obj) : warning LNK4099: PDB "Vektoria.pdb" wurde nicht mit "Vektoria_Debug.lib(GeoPointList.obj)" oder an "C:\Users\bichlmec\Documents\Hochschule Kempten\VO K³nstliche Intelligenz in der Spieleentwicklung\Codes\KI-Games\Debug\Vektoria.pdb" gefunden; Objekt wird verkn³pft, als ob keine Debuginformationen vorhanden wõren.
Vektoria_Debug.lib(GeoSphere.obj) : warning LNK4099: PDB "Vektoria.pdb" wurde nicht mit "Vektoria_Debug.lib(GeoSphere.obj)" oder an "C:\Users\bichlmec\Documents\Hochschule Kempten\VO K³nstliche Intelligenz in der Spieleentwicklung\Codes\KI-Games\Debug\Vektoria.pdb" gefunden; Objekt wird verkn³pft, als ob keine Debuginformationen vorhanden wõren.
Vektoria_Debug.lib(GeoTriangleList.obj) : warning LNK4099: PDB "Vektoria.pdb" wurde nicht mit "Vektoria_Debug.lib(GeoTriangleList.obj)" oder an "C:\Users\bichlmec\Documents\Hochschule Kempten\VO K³nstliche Intelligenz in der Spieleentwicklung\Codes\KI-Games\Debug\Vektoria.pdb" gefunden; Objekt wird verkn³pft, als ob keine Debuginformationen vorhanden wõren.
Vektoria_Debug.lib(GeoTriangleLists.obj) : warning LNK4099: PDB "Vektoria.pdb" wurde nicht mit "Vektoria_Debug.lib(GeoTriangleLists.obj)" oder an "C:\Users\bichlmec\Documents\Hochschule Kempten\VO K³nstliche Intelligenz in der Spieleentwicklung\Codes\KI-Games\Debug\Vektoria.pdb" gefunden; Objekt wird verkn³pft, als ob keine Debuginformationen vorhanden wõren.
Vektoria_Debug.lib(GeoTriangleStrip.obj) : warning LNK4099: PDB "Vektoria.pdb" wurde nicht mit "Vektoria_Debug.lib(GeoTriangleStrip.obj)" oder an "C:\Users\bichlmec\Documents\Hochschule Kempten\VO K³nstliche Intelligenz in der Spieleentwicklung\Codes\KI-Games\Debug\Vektoria.pdb" gefunden; Objekt wird verkn³pft, als ob keine Debuginformationen vorhanden wõren.
Vektoria_Debug.lib(GeoTriangleTable.obj) : warning LNK4099: PDB "Vektoria.pdb" wurde nicht mit "Vektoria_Debug.lib(GeoTriangleTable.obj)" oder an "C:\Users\bichlmec\Documents\Hochschule Kempten\VO K³nstliche Intelligenz in der Spieleentwicklung\Codes\KI-Games\Debug\Vektoria.pdb" gefunden; Objekt wird verkn³pft, als ob keine Debuginformationen vorhanden wõren.
Vektoria_Debug.lib(GeoWall.obj) : warning LNK4099: PDB "Vektoria.pdb" wurde nicht mit "Vektoria_Debug.lib(GeoWall.obj)" oder an "C:\Users\bichlmec\Documents\Hochschule Kempten\VO K³nstliche Intelligenz in der Spieleentwicklung\Codes\KI-Games\Debug\Vektoria.pdb" gefunden; Objekt wird verkn³pft, als ob keine Debuginformationen vorhanden wõren.
Vektoria_Debug.lib(GeoWalls.obj) : warning LNK4099: PDB "Vektoria.pdb" wurde nicht mit "Vektoria_Debug.lib(GeoWalls.obj)" oder an "C:\Users\bichlmec\Documents\Hochschule Kempten\VO K³nstliche Intelligenz in der Spieleentwicklung\Codes\KI-Games\Debug\Vektoria.pdb" gefunden; Objekt wird verkn³pft, als ob keine Debuginformationen vorhanden wõren.
Vektoria_Debug.lib(GeoWindow.obj) : warning LNK4099: PDB "Vektoria.pdb" wurde nicht mit "Vektoria_Debug.lib(GeoWindow.obj)" oder an "C:\Users\bichlmec\Documents\Hochschule Kempten\VO K³nstliche Intelligenz in der Spieleentwicklung\Codes\KI-Games\Debug\Vektoria.pdb" gefunden; Objekt wird verkn³pft, als ob keine Debuginformationen vorhanden wõren.
Vektoria_Debug.lib(GeoWindows.obj) : warning LNK4099: PDB "Vektoria.pdb" wurde nicht mit "Vektoria_Debug.lib(GeoWindows.obj)" oder an "C:\Users\bichlmec\Documents\Hochschule Kempten\VO K³nstliche Intelligenz in der Spieleentwicklung\Codes\KI-Games\Debug\Vektoria.pdb" gefunden; Objekt wird verkn³pft, als ob keine Debuginformationen vorhanden wõren.
Vektoria_Debug.lib(GeoWing.obj) : warning LNK4099: PDB "Vektoria.pdb" wurde nicht mit "Vektoria_Debug.lib(GeoWing.obj)" oder an "C:\Users\bichlmec\Documents\Hochschule Kempten\VO K³nstliche Intelligenz in der Spieleentwicklung\Codes\KI-Games\Debug\Vektoria.pdb" gefunden; Objekt wird verkn³pft, als ob keine Debuginformationen vorhanden wõren.
Vektoria_Debug.lib(GeoWings.obj) : warning LNK4099: PDB "Vektoria.pdb" wurde nicht mit "Vektoria_Debug.lib(GeoWings.obj)" oder an "C:\Users\bichlmec\Documents\Hochschule Kempten\VO K³nstliche Intelligenz in der Spieleentwicklung\Codes\KI-Games\Debug\Vektoria.pdb" gefunden; Objekt wird verkn³pft, als ob keine Debuginformationen vorhanden wõren.
Vektoria_Debug.lib(HitPoint.obj) : warning LNK4099: PDB "Vektoria.pdb" wurde nicht mit "Vektoria_Debug.lib(HitPoint.obj)" oder an "C:\Users\bichlmec\Documents\Hochschule Kempten\VO K³nstliche Intelligenz in der Spieleentwicklung\Codes\KI-Games\Debug\Vektoria.pdb" gefunden; Objekt wird verkn³pft, als ob keine Debuginformationen vorhanden wõren.
Vektoria_Debug.lib(HitPoints.obj) : warning LNK4099: PDB "Vektoria.pdb" wurde nicht mit "Vektoria_Debug.lib(HitPoints.obj)" oder an "C:\Users\bichlmec\Documents\Hochschule Kempten\VO K³nstliche Intelligenz in der Spieleentwicklung\Codes\KI-Games\Debug\Vektoria.pdb" gefunden; Objekt wird verkn³pft, als ob keine Debuginformationen vorhanden wõren.
Vektoria_Debug.lib(LightParallel.obj) : warning LNK4099: PDB "Vektoria.pdb" wurde nicht mit "Vektoria_Debug.lib(LightParallel.obj)" oder an "C:\Users\bichlmec\Documents\Hochschule Kempten\VO K³nstliche Intelligenz in der Spieleentwicklung\Codes\KI-Games\Debug\Vektoria.pdb" gefunden; Objekt wird verkn³pft, als ob keine Debuginformationen vorhanden wõren.
Vektoria_Debug.lib(LightParallels.obj) : warning LNK4099: PDB "Vektoria.pdb" wurde nicht mit "Vektoria_Debug.lib(LightParallels.obj)" oder an "C:\Users\bichlmec\Documents\Hochschule Kempten\VO K³nstliche Intelligenz in der Spieleentwicklung\Codes\KI-Games\Debug\Vektoria.pdb" gefunden; Objekt wird verkn³pft, als ob keine Debuginformationen vorhanden wõren.
Vektoria_Debug.lib(LightRadial.obj) : warning LNK4099: PDB "Vektoria.pdb" wurde nicht mit "Vektoria_Debug.lib(LightRadial.obj)" oder an "C:\Users\bichlmec\Documents\Hochschule Kempten\VO K³nstliche Intelligenz in der Spieleentwicklung\Codes\KI-Games\Debug\Vektoria.pdb" gefunden; Objekt wird verkn³pft, als ob keine Debuginformationen vorhanden wõren.
Vektoria_Debug.lib(LightRadials.obj) : warning LNK4099: PDB "Vektoria.pdb" wurde nicht mit "Vektoria_Debug.lib(LightRadials.obj)" oder an "C:\Users\bichlmec\Documents\Hochschule Kempten\VO K³nstliche Intelligenz in der Spieleentwicklung\Codes\KI-Games\Debug\Vektoria.pdb" gefunden; Objekt wird verkn³pft, als ob keine Debuginformationen vorhanden wõren.
Vektoria_Debug.lib(LightSpot.obj) : warning LNK4099: PDB "Vektoria.pdb" wurde nicht mit "Vektoria_Debug.lib(LightSpot.obj)" oder an "C:\Users\bichlmec\Documents\Hochschule Kempten\VO K³nstliche Intelligenz in der Spieleentwicklung\Codes\KI-Games\Debug\Vektoria.pdb" gefunden; Objekt wird verkn³pft, als ob keine Debuginformationen vorhanden wõren.
Vektoria_Debug.lib(LightSpots.obj) : warning LNK4099: PDB "Vektoria.pdb" wurde nicht mit "Vektoria_Debug.lib(LightSpots.obj)" oder an "C:\Users\bichlmec\Documents\Hochschule Kempten\VO K³nstliche Intelligenz in der Spieleentwicklung\Codes\KI-Games\Debug\Vektoria.pdb" gefunden; Objekt wird verkn³pft, als ob keine Debuginformationen vorhanden wõren.
Vektoria_Debug.lib(Node3D.obj) : warning LNK4099: PDB "Vektoria.pdb" wurde nicht mit "Vektoria_Debug.lib(Node3D.obj)" oder an "C:\Users\bichlmec\Documents\Hochschule Kempten\VO K³nstliche Intelligenz in der Spieleentwicklung\Codes\KI-Games\Debug\Vektoria.pdb" gefunden; Objekt wird verkn³pft, als ob keine Debuginformationen vorhanden wõren.
Vektoria_Debug.lib(NodeInstance.obj) : warning LNK4099: PDB "Vektoria.pdb" wurde nicht mit "Vektoria_Debug.lib(NodeInstance.obj)" oder an "C:\Users\bichlmec\Documents\Hochschule Kempten\VO K³nstliche Intelligenz in der Spieleentwicklung\Codes\KI-Games\Debug\Vektoria.pdb" gefunden; Objekt wird verkn³pft, als ob keine Debuginformationen vorhanden wõren.
Vektoria_Debug.lib(Octree.obj) : warning LNK4099: PDB "Vektoria.pdb" wurde nicht mit "Vektoria_Debug.lib(Octree.obj)" oder an "C:\Users\bichlmec\Documents\Hochschule Kempten\VO K³nstliche Intelligenz in der Spieleentwicklung\Codes\KI-Games\Debug\Vektoria.pdb" gefunden; Objekt wird verkn³pft, als ob keine Debuginformationen vorhanden wõren.
Vektoria_Debug.lib(PlacementPhysics.obj) : warning LNK4099: PDB "Vektoria.pdb" wurde nicht mit "Vektoria_Debug.lib(PlacementPhysics.obj)" oder an "C:\Users\bichlmec\Documents\Hochschule Kempten\VO K³nstliche Intelligenz in der Spieleentwicklung\Codes\KI-Games\Debug\Vektoria.pdb" gefunden; Objekt wird verkn³pft, als ob keine Debuginformationen vorhanden wõren.
Vektoria_Debug.lib(ScenePhysics.obj) : warning LNK4099: PDB "Vektoria.pdb" wurde nicht mit "Vektoria_Debug.lib(ScenePhysics.obj)" oder an "C:\Users\bichlmec\Documents\Hochschule Kempten\VO K³nstliche Intelligenz in der Spieleentwicklung\Codes\KI-Games\Debug\Vektoria.pdb" gefunden; Objekt wird verkn³pft, als ob keine Debuginformationen vorhanden wõren.
Vektoria_Debug.lib(SceneWeather.obj) : warning LNK4099: PDB "Vektoria.pdb" wurde nicht mit "Vektoria_Debug.lib(SceneWeather.obj)" oder an "C:\Users\bichlmec\Documents\Hochschule Kempten\VO K³nstliche Intelligenz in der Spieleentwicklung\Codes\KI-Games\Debug\Vektoria.pdb" gefunden; Objekt wird verkn³pft, als ob keine Debuginformationen vorhanden wõren.
Vektoria_Debug.lib(Splash.obj) : warning LNK4099: PDB "Vektoria.pdb" wurde nicht mit "Vektoria_Debug.lib(Splash.obj)" oder an "C:\Users\bichlmec\Documents\Hochschule Kempten\VO K³nstliche Intelligenz in der Spieleentwicklung\Codes\KI-Games\Debug\Vektoria.pdb" gefunden; Objekt wird verkn³pft, als ob keine Debuginformationen vorhanden wõren.
Vektoria_Debug.lib(Sprite.obj) : warning LNK4099: PDB "Vektoria.pdb" wurde nicht mit "Vektoria_Debug.lib(Sprite.obj)" oder an "C:\Users\bichlmec\Documents\Hochschule Kempten\VO K³nstliche Intelligenz in der Spieleentwicklung\Codes\KI-Games\Debug\Vektoria.pdb" gefunden; Objekt wird verkn³pft, als ob keine Debuginformationen vorhanden wõren.
Vektoria_Debug.lib(Timer.obj) : warning LNK4099: PDB "Vektoria.pdb" wurde nicht mit "Vektoria_Debug.lib(Timer.obj)" oder an "C:\Users\bichlmec\Documents\Hochschule Kempten\VO K³nstliche Intelligenz in der Spieleentwicklung\Codes\KI-Games\Debug\Vektoria.pdb" gefunden; Objekt wird verkn³pft, als ob keine Debuginformationen vorhanden wõren.
Vektoria_Debug.lib(Audio.obj) : warning LNK4099: PDB "Vektoria.pdb" wurde nicht mit "Vektoria_Debug.lib(Audio.obj)" oder an "C:\Users\bichlmec\Documents\Hochschule Kempten\VO K³nstliche Intelligenz in der Spieleentwicklung\Codes\KI-Games\Debug\Vektoria.pdb" gefunden; Objekt wird verkn³pft, als ob keine Debuginformationen vorhanden wõren.
Vektoria_Debug.lib(Audios.obj) : warning LNK4099: PDB "Vektoria.pdb" wurde nicht mit "Vektoria_Debug.lib(Audios.obj)" oder an "C:\Users\bichlmec\Documents\Hochschule Kempten\VO K³nstliche Intelligenz in der Spieleentwicklung\Codes\KI-Games\Debug\Vektoria.pdb" gefunden; Objekt wird verkn³pft, als ob keine Debuginformationen vorhanden wõren.
Vektoria_Debug.lib(Background.obj) : warning LNK4099: PDB "Vektoria.pdb" wurde nicht mit "Vektoria_Debug.lib(Background.obj)" oder an "C:\Users\bichlmec\Documents\Hochschule Kempten\VO K³nstliche Intelligenz in der Spieleentwicklung\Codes\KI-Games\Debug\Vektoria.pdb" gefunden; Objekt wird verkn³pft, als ob keine Debuginformationen vorhanden wõren.
Vektoria_Debug.lib(Backgrounds.obj) : warning LNK4099: PDB "Vektoria.pdb" wurde nicht mit "Vektoria_Debug.lib(Backgrounds.obj)" oder an "C:\Users\bichlmec\Documents\Hochschule Kempten\VO K³nstliche Intelligenz in der Spieleentwicklung\Codes\KI-Games\Debug\Vektoria.pdb" gefunden; Objekt wird verkn³pft, als ob keine Debuginformationen vorhanden wõren.
Vektoria_Debug.lib(Camera.obj) : warning LNK4099: PDB "Vektoria.pdb" wurde nicht mit "Vektoria_Debug.lib(Camera.obj)" oder an "C:\Users\bichlmec\Documents\Hochschule Kempten\VO K³nstliche Intelligenz in der Spieleentwicklung\Codes\KI-Games\Debug\Vektoria.pdb" gefunden; Objekt wird verkn³pft, als ob keine Debuginformationen vorhanden wõren.
Vektoria_Debug.lib(Cameras.obj) : warning LNK4099: PDB "Vektoria.pdb" wurde nicht mit "Vektoria_Debug.lib(Cameras.obj)" oder an "C:\Users\bichlmec\Documents\Hochschule Kempten\VO K³nstliche Intelligenz in der Spieleentwicklung\Codes\KI-Games\Debug\Vektoria.pdb" gefunden; Objekt wird verkn³pft, als ob keine Debuginformationen vorhanden wõren.
Vektoria_Debug.lib(Emitter.obj) : warning LNK4099: PDB "Vektoria.pdb" wurde nicht mit "Vektoria_Debug.lib(Emitter.obj)" oder an "C:\Users\bichlmec\Documents\Hochschule Kempten\VO K³nstliche Intelligenz in der Spieleentwicklung\Codes\KI-Games\Debug\Vektoria.pdb" gefunden; Objekt wird verkn³pft, als ob keine Debuginformationen vorhanden wõren.
Vektoria_Debug.lib(Emitters.obj) : warning LNK4099: PDB "Vektoria.pdb" wurde nicht mit "Vektoria_Debug.lib(Emitters.obj)" oder an "C:\Users\bichlmec\Documents\Hochschule Kempten\VO K³nstliche Intelligenz in der Spieleentwicklung\Codes\KI-Games\Debug\Vektoria.pdb" gefunden; Objekt wird verkn³pft, als ob keine Debuginformationen vorhanden wõren.
Vektoria_Debug.lib(Face.obj) : warning LNK4099: PDB "Vektoria.pdb" wurde nicht mit "Vektoria_Debug.lib(Face.obj)" oder an "C:\Users\bichlmec\Documents\Hochschule Kempten\VO K³nstliche Intelligenz in der Spieleentwicklung\Codes\KI-Games\Debug\Vektoria.pdb" gefunden; Objekt wird verkn³pft, als ob keine Debuginformationen vorhanden wõren.
Vektoria_Debug.lib(Faces.obj) : warning LNK4099: PDB "Vektoria.pdb" wurde nicht mit "Vektoria_Debug.lib(Faces.obj)" oder an "C:\Users\bichlmec\Documents\Hochschule Kempten\VO K³nstliche Intelligenz in der Spieleentwicklung\Codes\KI-Games\Debug\Vektoria.pdb" gefunden; Objekt wird verkn³pft, als ob keine Debuginformationen vorhanden wõren.
Vektoria_Debug.lib(Frame.obj) : warning LNK4099: PDB "Vektoria.pdb" wurde nicht mit "Vektoria_Debug.lib(Frame.obj)" oder an "C:\Users\bichlmec\Documents\Hochschule Kempten\VO K³nstliche Intelligenz in der Spieleentwicklung\Codes\KI-Games\Debug\Vektoria.pdb" gefunden; Objekt wird verkn³pft, als ob keine Debuginformationen vorhanden wõren.
Vektoria_Debug.lib(Frames.obj) : warning LNK4099: PDB "Vektoria.pdb" wurde nicht mit "Vektoria_Debug.lib(Frames.obj)" oder an "C:\Users\bichlmec\Documents\Hochschule Kempten\VO K³nstliche Intelligenz in der Spieleentwicklung\Codes\KI-Games\Debug\Vektoria.pdb" gefunden; Objekt wird verkn³pft, als ob keine Debuginformationen vorhanden wõren.
Vektoria_Debug.lib(Geo.obj) : warning LNK4099: PDB "Vektoria.pdb" wurde nicht mit "Vektoria_Debug.lib(Geo.obj)" oder an "C:\Users\bichlmec\Documents\Hochschule Kempten\VO K³nstliche Intelligenz in der Spieleentwicklung\Codes\KI-Games\Debug\Vektoria.pdb" gefunden; Objekt wird verkn³pft, als ob keine Debuginformationen vorhanden wõren.
Vektoria_Debug.lib(GeoCylinder.obj) : warning LNK4099: PDB "Vektoria.pdb" wurde nicht mit "Vektoria_Debug.lib(GeoCylinder.obj)" oder an "C:\Users\bichlmec\Documents\Hochschule Kempten\VO K³nstliche Intelligenz in der Spieleentwicklung\Codes\KI-Games\Debug\Vektoria.pdb" gefunden; Objekt wird verkn³pft, als ob keine Debuginformationen vorhanden wõren.
Vektoria_Debug.lib(GeoEllipsoid.obj) : warning LNK4099: PDB "Vektoria.pdb" wurde nicht mit "Vektoria_Debug.lib(GeoEllipsoid.obj)" oder an "C:\Users\bichlmec\Documents\Hochschule Kempten\VO K³nstliche Intelligenz in der Spieleentwicklung\Codes\KI-Games\Debug\Vektoria.pdb" gefunden; Objekt wird verkn³pft, als ob keine Debuginformationen vorhanden wõren.
Vektoria_Debug.lib(GeoQuad.obj) : warning LNK4099: PDB "Vektoria.pdb" wurde nicht mit "Vektoria_Debug.lib(GeoQuad.obj)" oder an "C:\Users\bichlmec\Documents\Hochschule Kempten\VO K³nstliche Intelligenz in der Spieleentwicklung\Codes\KI-Games\Debug\Vektoria.pdb" gefunden; Objekt wird verkn³pft, als ob keine Debuginformationen vorhanden wõren.
Vektoria_Debug.lib(Geos.obj) : warning LNK4099: PDB "Vektoria.pdb" wurde nicht mit "Vektoria_Debug.lib(Geos.obj)" oder an "C:\Users\bichlmec\Documents\Hochschule Kempten\VO K³nstliche Intelligenz in der Spieleentwicklung\Codes\KI-Games\Debug\Vektoria.pdb" gefunden; Objekt wird verkn³pft, als ob keine Debuginformationen vorhanden wõren.
Vektoria_Debug.lib(GeoSweep.obj) : warning LNK4099: PDB "Vektoria.pdb" wurde nicht mit "Vektoria_Debug.lib(GeoSweep.obj)" oder an "C:\Users\bichlmec\Documents\Hochschule Kempten\VO K³nstliche Intelligenz in der Spieleentwicklung\Codes\KI-Games\Debug\Vektoria.pdb" gefunden; Objekt wird verkn³pft, als ob keine Debuginformationen vorhanden wõren.
Vektoria_Debug.lib(Hardware.obj) : warning LNK4099: PDB "Vektoria.pdb" wurde nicht mit "Vektoria_Debug.lib(Hardware.obj)" oder an "C:\Users\bichlmec\Documents\Hochschule Kempten\VO K³nstliche Intelligenz in der Spieleentwicklung\Codes\KI-Games\Debug\Vektoria.pdb" gefunden; Objekt wird verkn³pft, als ob keine Debuginformationen vorhanden wõren.
Vektoria_Debug.lib(Hardwares.obj) : warning LNK4099: PDB "Vektoria.pdb" wurde nicht mit "Vektoria_Debug.lib(Hardwares.obj)" oder an "C:\Users\bichlmec\Documents\Hochschule Kempten\VO K³nstliche Intelligenz in der Spieleentwicklung\Codes\KI-Games\Debug\Vektoria.pdb" gefunden; Objekt wird verkn³pft, als ob keine Debuginformationen vorhanden wõren.
Vektoria_Debug.lib(Image.obj) : warning LNK4099: PDB "Vektoria.pdb" wurde nicht mit "Vektoria_Debug.lib(Image.obj)" oder an "C:\Users\bichlmec\Documents\Hochschule Kempten\VO K³nstliche Intelligenz in der Spieleentwicklung\Codes\KI-Games\Debug\Vektoria.pdb" gefunden; Objekt wird verkn³pft, als ob keine Debuginformationen vorhanden wõren.
Vektoria_Debug.lib(Light.obj) : warning LNK4099: PDB "Vektoria.pdb" wurde nicht mit "Vektoria_Debug.lib(Light.obj)" oder an "C:\Users\bichlmec\Documents\Hochschule Kempten\VO K³nstliche Intelligenz in der Spieleentwicklung\Codes\KI-Games\Debug\Vektoria.pdb" gefunden; Objekt wird verkn³pft, als ob keine Debuginformationen vorhanden wõren.
Vektoria_Debug.lib(Material.obj) : warning LNK4099: PDB "Vektoria.pdb" wurde nicht mit "Vektoria_Debug.lib(Material.obj)" oder an "C:\Users\bichlmec\Documents\Hochschule Kempten\VO K³nstliche Intelligenz in der Spieleentwicklung\Codes\KI-Games\Debug\Vektoria.pdb" gefunden; Objekt wird verkn³pft, als ob keine Debuginformationen vorhanden wõren.
Vektoria_Debug.lib(Materials.obj) : warning LNK4099: PDB "Vektoria.pdb" wurde nicht mit "Vektoria_Debug.lib(Materials.obj)" oder an "C:\Users\bichlmec\Documents\Hochschule Kempten\VO K³nstliche Intelligenz in der Spieleentwicklung\Codes\KI-Games\Debug\Vektoria.pdb" gefunden; Objekt wird verkn³pft, als ob keine Debuginformationen vorhanden wõren.
Vektoria_Debug.lib(Nodes.obj) : warning LNK4099: PDB "Vektoria.pdb" wurde nicht mit "Vektoria_Debug.lib(Nodes.obj)" oder an "C:\Users\bichlmec\Documents\Hochschule Kempten\VO K³nstliche Intelligenz in der Spieleentwicklung\Codes\KI-Games\Debug\Vektoria.pdb" gefunden; Objekt wird verkn³pft, als ob keine Debuginformationen vorhanden wõren.
Vektoria_Debug.lib(Overlay.obj) : warning LNK4099: PDB "Vektoria.pdb" wurde nicht mit "Vektoria_Debug.lib(Overlay.obj)" oder an "C:\Users\bichlmec\Documents\Hochschule Kempten\VO K³nstliche Intelligenz in der Spieleentwicklung\Codes\KI-Games\Debug\Vektoria.pdb" gefunden; Objekt wird verkn³pft, als ob keine Debuginformationen vorhanden wõren.
Vektoria_Debug.lib(Overlays.obj) : warning LNK4099: PDB "Vektoria.pdb" wurde nicht mit "Vektoria_Debug.lib(Overlays.obj)" oder an "C:\Users\bichlmec\Documents\Hochschule Kempten\VO K³nstliche Intelligenz in der Spieleentwicklung\Codes\KI-Games\Debug\Vektoria.pdb" gefunden; Objekt wird verkn³pft, als ob keine Debuginformationen vorhanden wõren.
Vektoria_Debug.lib(Placement.obj) : warning LNK4099: PDB "Vektoria.pdb" wurde nicht mit "Vektoria_Debug.lib(Placement.obj)" oder an "C:\Users\bichlmec\Documents\Hochschule Kempten\VO K³nstliche Intelligenz in der Spieleentwicklung\Codes\KI-Games\Debug\Vektoria.pdb" gefunden; Objekt wird verkn³pft, als ob keine Debuginformationen vorhanden wõren.
Vektoria_Debug.lib(Placements.obj) : warning LNK4099: PDB "Vektoria.pdb" wurde nicht mit "Vektoria_Debug.lib(Placements.obj)" oder an "C:\Users\bichlmec\Documents\Hochschule Kempten\VO K³nstliche Intelligenz in der Spieleentwicklung\Codes\KI-Games\Debug\Vektoria.pdb" gefunden; Objekt wird verkn³pft, als ob keine Debuginformationen vorhanden wõren.
Vektoria_Debug.lib(Root.obj) : warning LNK4099: PDB "Vektoria.pdb" wurde nicht mit "Vektoria_Debug.lib(Root.obj)" oder an "C:\Users\bichlmec\Documents\Hochschule Kempten\VO K³nstliche Intelligenz in der Spieleentwicklung\Codes\KI-Games\Debug\Vektoria.pdb" gefunden; Objekt wird verkn³pft, als ob keine Debuginformationen vorhanden wõren.
Vektoria_Debug.lib(Scene.obj) : warning LNK4099: PDB "Vektoria.pdb" wurde nicht mit "Vektoria_Debug.lib(Scene.obj)" oder an "C:\Users\bichlmec\Documents\Hochschule Kempten\VO K³nstliche Intelligenz in der Spieleentwicklung\Codes\KI-Games\Debug\Vektoria.pdb" gefunden; Objekt wird verkn³pft, als ob keine Debuginformationen vorhanden wõren.
Vektoria_Debug.lib(Scenes.obj) : warning LNK4099: PDB "Vektoria.pdb" wurde nicht mit "Vektoria_Debug.lib(Scenes.obj)" oder an "C:\Users\bichlmec\Documents\Hochschule Kempten\VO K³nstliche Intelligenz in der Spieleentwicklung\Codes\KI-Games\Debug\Vektoria.pdb" gefunden; Objekt wird verkn³pft, als ob keine Debuginformationen vorhanden wõren.
Vektoria_Debug.lib(Texture.obj) : warning LNK4099: PDB "Vektoria.pdb" wurde nicht mit "Vektoria_Debug.lib(Texture.obj)" oder an "C:\Users\bichlmec\Documents\Hochschule Kempten\VO K³nstliche Intelligenz in der Spieleentwicklung\Codes\KI-Games\Debug\Vektoria.pdb" gefunden; Objekt wird verkn³pft, als ob keine Debuginformationen vorhanden wõren.
Vektoria_Debug.lib(UtilLogFile.obj) : warning LNK4099: PDB "Vektoria.pdb" wurde nicht mit "Vektoria_Debug.lib(UtilLogFile.obj)" oder an "C:\Users\bichlmec\Documents\Hochschule Kempten\VO K³nstliche Intelligenz in der Spieleentwicklung\Codes\KI-Games\Debug\Vektoria.pdb" gefunden; Objekt wird verkn³pft, als ob keine Debuginformationen vorhanden wõren.
Vektoria_Debug.lib(Vertex.obj) : warning LNK4099: PDB "Vektoria.pdb" wurde nicht mit "Vektoria_Debug.lib(Vertex.obj)" oder an "C:\Users\bichlmec\Documents\Hochschule Kempten\VO K³nstliche Intelligenz in der Spieleentwicklung\Codes\KI-Games\Debug\Vektoria.pdb" gefunden; Objekt wird verkn³pft, als ob keine Debuginformationen vorhanden wõren.
Vektoria_Debug.lib(Vertexs.obj) : warning LNK4099: PDB "Vektoria.pdb" wurde nicht mit "Vektoria_Debug.lib(Vertexs.obj)" oder an "C:\Users\bichlmec\Documents\Hochschule Kempten\VO K³nstliche Intelligenz in der Spieleentwicklung\Codes\KI-Games\Debug\Vektoria.pdb" gefunden; Objekt wird verkn³pft, als ob keine Debuginformationen vorhanden wõren.
Vektoria_Debug.lib(Viewport.obj) : warning LNK4099: PDB "Vektoria.pdb" wurde nicht mit "Vektoria_Debug.lib(Viewport.obj)" oder an "C:\Users\bichlmec\Documents\Hochschule Kempten\VO K³nstliche Intelligenz in der Spieleentwicklung\Codes\KI-Games\Debug\Vektoria.pdb" gefunden; Objekt wird verkn³pft, als ob keine Debuginformationen vorhanden wõren.
Vektoria_Debug.lib(Viewports.obj) : warning LNK4099: PDB "Vektoria.pdb" wurde nicht mit "Vektoria_Debug.lib(Viewports.obj)" oder an "C:\Users\bichlmec\Documents\Hochschule Kempten\VO K³nstliche Intelligenz in der Spieleentwicklung\Codes\KI-Games\Debug\Vektoria.pdb" gefunden; Objekt wird verkn³pft, als ob keine Debuginformationen vorhanden wõren.
Vektoria_Debug.lib(Node.obj) : warning LNK4099: PDB "Vektoria.pdb" wurde nicht mit "Vektoria_Debug.lib(Node.obj)" oder an "C:\Users\bichlmec\Documents\Hochschule Kempten\VO K³nstliche Intelligenz in der Spieleentwicklung\Codes\KI-Games\Debug\Vektoria.pdb" gefunden; Objekt wird verkn³pft, als ob keine Debuginformationen vorhanden wõren.
Vektoria_Debug.lib(Wribel.obj) : warning LNK4099: PDB "Vektoria.pdb" wurde nicht mit "Vektoria_Debug.lib(Wribel.obj)" oder an "C:\Users\bichlmec\Documents\Hochschule Kempten\VO K³nstliche Intelligenz in der Spieleentwicklung\Codes\KI-Games\Debug\Vektoria.pdb" gefunden; Objekt wird verkn³pft, als ob keine Debuginformationen vorhanden wõren.
Vektoria_Debug.lib(Wribels.obj) : warning LNK4099: PDB "Vektoria.pdb" wurde nicht mit "Vektoria_Debug.lib(Wribels.obj)" oder an "C:\Users\bichlmec\Documents\Hochschule Kempten\VO K³nstliche Intelligenz in der Spieleentwicklung\Codes\KI-Games\Debug\Vektoria.pdb" gefunden; Objekt wird verkn³pft, als ob keine Debuginformationen vorhanden wõren.
Vektoria_Debug.lib(Writing.obj) : warning LNK4099: PDB "Vektoria.pdb" wurde nicht mit "Vektoria_Debug.lib(Writing.obj)" oder an "C:\Users\bichlmec\Documents\Hochschule Kempten\VO K³nstliche Intelligenz in der Spieleentwicklung\Codes\KI-Games\Debug\Vektoria.pdb" gefunden; Objekt wird verkn³pft, als ob keine Debuginformationen vorhanden wõren.
Vektoria_Debug.lib(WritingChar.obj) : warning LNK4099: PDB "Vektoria.pdb" wurde nicht mit "Vektoria_Debug.lib(WritingChar.obj)" oder an "C:\Users\bichlmec\Documents\Hochschule Kempten\VO K³nstliche Intelligenz in der Spieleentwicklung\Codes\KI-Games\Debug\Vektoria.pdb" gefunden; Objekt wird verkn³pft, als ob keine Debuginformationen vorhanden wõren.
Vektoria_Debug.lib(WritingChars.obj) : warning LNK4099: PDB "Vektoria.pdb" wurde nicht mit "Vektoria_Debug.lib(WritingChars.obj)" oder an "C:\Users\bichlmec\Documents\Hochschule Kempten\VO K³nstliche Intelligenz in der Spieleentwicklung\Codes\KI-Games\Debug\Vektoria.pdb" gefunden; Objekt wird verkn³pft, als ob keine Debuginformationen vorhanden wõren.
Vektoria_Debug.lib(WritingFont.obj) : warning LNK4099: PDB "Vektoria.pdb" wurde nicht mit "Vektoria_Debug.lib(WritingFont.obj)" oder an "C:\Users\bichlmec\Documents\Hochschule Kempten\VO K³nstliche Intelligenz in der Spieleentwicklung\Codes\KI-Games\Debug\Vektoria.pdb" gefunden; Objekt wird verkn³pft, als ob keine Debuginformationen vorhanden wõren.
Vektoria_Debug.lib(Writings.obj) : warning LNK4099: PDB "Vektoria.pdb" wurde nicht mit "Vektoria_Debug.lib(Writings.obj)" oder an "C:\Users\bichlmec\Documents\Hochschule Kempten\VO K³nstliche Intelligenz in der Spieleentwicklung\Codes\KI-Games\Debug\Vektoria.pdb" gefunden; Objekt wird verkn³pft, als ob keine Debuginformationen vorhanden wõren.
VektoriaMath_Debug.lib(AABB.obj) : warning LNK4099: PDB "VektoriaMath.pdb" wurde nicht mit "VektoriaMath_Debug.lib(AABB.obj)" oder an "C:\Users\bichlmec\Documents\Hochschule Kempten\VO K³nstliche Intelligenz in der Spieleentwicklung\Codes\KI-Games\Debug\VektoriaMath.pdb" gefunden; Objekt wird verkn³pft, als ob keine Debuginformationen vorhanden wõren.
VektoriaMath_Debug.lib(Color.obj) : warning LNK4099: PDB "VektoriaMath.pdb" wurde nicht mit "VektoriaMath_Debug.lib(Color.obj)" oder an "C:\Users\bichlmec\Documents\Hochschule Kempten\VO K³nstliche Intelligenz in der Spieleentwicklung\Codes\KI-Games\Debug\VektoriaMath.pdb" gefunden; Objekt wird verkn³pft, als ob keine Debuginformationen vorhanden wõren.
VektoriaMath_Debug.lib(FloatRect.obj) : warning LNK4099: PDB "VektoriaMath.pdb" wurde nicht mit "VektoriaMath_Debug.lib(FloatRect.obj)" oder an "C:\Users\bichlmec\Documents\Hochschule Kempten\VO K³nstliche Intelligenz in der Spieleentwicklung\Codes\KI-Games\Debug\VektoriaMath.pdb" gefunden; Objekt wird verkn³pft, als ob keine Debuginformationen vorhanden wõren.
VektoriaMath_Debug.lib(Frustum.obj) : warning LNK4099: PDB "VektoriaMath.pdb" wurde nicht mit "VektoriaMath_Debug.lib(Frustum.obj)" oder an "C:\Users\bichlmec\Documents\Hochschule Kempten\VO K³nstliche Intelligenz in der Spieleentwicklung\Codes\KI-Games\Debug\VektoriaMath.pdb" gefunden; Objekt wird verkn³pft, als ob keine Debuginformationen vorhanden wõren.
VektoriaMath_Debug.lib(GraphNoise.obj) : warning LNK4099: PDB "VektoriaMath.pdb" wurde nicht mit "VektoriaMath_Debug.lib(GraphNoise.obj)" oder an "C:\Users\bichlmec\Documents\Hochschule Kempten\VO K³nstliche Intelligenz in der Spieleentwicklung\Codes\KI-Games\Debug\VektoriaMath.pdb" gefunden; Objekt wird verkn³pft, als ob keine Debuginformationen vorhanden wõren.
VektoriaMath_Debug.lib(HMat.obj) : warning LNK4099: PDB "VektoriaMath.pdb" wurde nicht mit "VektoriaMath_Debug.lib(HMat.obj)" oder an "C:\Users\bichlmec\Documents\Hochschule Kempten\VO K³nstliche Intelligenz in der Spieleentwicklung\Codes\KI-Games\Debug\VektoriaMath.pdb" gefunden; Objekt wird verkn³pft, als ob keine Debuginformationen vorhanden wõren.
VektoriaMath_Debug.lib(HMats.obj) : warning LNK4099: PDB "VektoriaMath.pdb" wurde nicht mit "VektoriaMath_Debug.lib(HMats.obj)" oder an "C:\Users\bichlmec\Documents\Hochschule Kempten\VO K³nstliche Intelligenz in der Spieleentwicklung\Codes\KI-Games\Debug\VektoriaMath.pdb" gefunden; Objekt wird verkn³pft, als ob keine Debuginformationen vorhanden wõren.
VektoriaMath_Debug.lib(HVector.obj) : warning LNK4099: PDB "VektoriaMath.pdb" wurde nicht mit "VektoriaMath_Debug.lib(HVector.obj)" oder an "C:\Users\bichlmec\Documents\Hochschule Kempten\VO K³nstliche Intelligenz in der Spieleentwicklung\Codes\KI-Games\Debug\VektoriaMath.pdb" gefunden; Objekt wird verkn³pft, als ob keine Debuginformationen vorhanden wõren.
VektoriaMath_Debug.lib(HVectors.obj) : warning LNK4099: PDB "VektoriaMath.pdb" wurde nicht mit "VektoriaMath_Debug.lib(HVectors.obj)" oder an "C:\Users\bichlmec\Documents\Hochschule Kempten\VO K³nstliche Intelligenz in der Spieleentwicklung\Codes\KI-Games\Debug\VektoriaMath.pdb" gefunden; Objekt wird verkn³pft, als ob keine Debuginformationen vorhanden wõren.
VektoriaMath_Debug.lib(Plane.obj) : warning LNK4099: PDB "VektoriaMath.pdb" wurde nicht mit "VektoriaMath_Debug.lib(Plane.obj)" oder an "C:\Users\bichlmec\Documents\Hochschule Kempten\VO K³nstliche Intelligenz in der Spieleentwicklung\Codes\KI-Games\Debug\VektoriaMath.pdb" gefunden; Objekt wird verkn³pft, als ob keine Debuginformationen vorhanden wõren.
VektoriaMath_Debug.lib(Quaternion.obj) : warning LNK4099: PDB "VektoriaMath.pdb" wurde nicht mit "VektoriaMath_Debug.lib(Quaternion.obj)" oder an "C:\Users\bichlmec\Documents\Hochschule Kempten\VO K³nstliche Intelligenz in der Spieleentwicklung\Codes\KI-Games\Debug\VektoriaMath.pdb" gefunden; Objekt wird verkn³pft, als ob keine Debuginformationen vorhanden wõren.
VektoriaMath_Debug.lib(Ray.obj) : warning LNK4099: PDB "VektoriaMath.pdb" wurde nicht mit "VektoriaMath_Debug.lib(Ray.obj)" oder an "C:\Users\bichlmec\Documents\Hochschule Kempten\VO K³nstliche Intelligenz in der Spieleentwicklung\Codes\KI-Games\Debug\VektoriaMath.pdb" gefunden; Objekt wird verkn³pft, als ob keine Debuginformationen vorhanden wõren.
  VektoriaApp.vcxproj -> C:\Users\bichlmec\Documents\Hochschule Kempten\VO Künstliche Intelligenz in der Spieleentwicklung\Codes\KI-Games\Debug\VektoriaApp.exe
